1739243402655	geckodriver	INFO	Listening on 127.0.0.1:52177
1739243405742	mozrunner::runner	INFO	Running command: "C:\\Users\\CLASSROOM\\.cache\\selenium\\firefox\\win64\\135.0\\firefox.exe" "--marionette" "--remote-debugg ... "--remote-allow-hosts" "localhost" "-no-remote" "-profile" "C:\\Users\\CLASSR~1\\AppData\\Local\\Temp\\rust_mozprofileCIeQes"
console.warn: services.settings: Ignoring preference override of remote settings server
console.warn: services.settings: Allow by setting MOZ_REMOTE_SETTINGS_DEVTOOLS=1 in the environment
Dynamically enable window occlusion 0
1739243406016	Marionette	INFO	Marionette enabled
1739243406091	Marionette	INFO	Listening on port 52186
WebDriver BiDi listening on ws://127.0.0.1:52178
Read port: 52186
1739243406213	RemoteAgent	WARN	TLS certificate errors will be ignored for this session
DevTools listening on ws://127.0.0.1:52178/devtools/browser/2a59e51c-2ee9-471f-9235-bf285a19be8c
JavaScript warning: https://automationexercise.com/static/js/jquery.js, line 2: Using //@ to indicate sourceMappingURL pragmas is deprecated. Use //# instead
1739243462712	Marionette	INFO	Stopped listening on port 52186
JavaScript warning: https://pagead2.googlesyndication.com/pagead/managed/js/adsense/m202502060101/reactive_library_fy2021.js, line 58: Script terminated by timeout at:
ua@https://pagead2.googlesyndication.com/pagead/managed/js/adsense/m202502060101/reactive_library_fy2021.js:58:592
V/<@https://pagead2.googlesyndication.com/pagead/managed/js/adsense/m202502060101/reactive_library_fy2021.js:58:848

JavaScript warning: https://pagead2.googlesyndication.com/pagead/managed/js/activeview/current/ufs_web_display.js, line 260: Script terminated by timeout at:
op/</</e</h<@https://pagead2.googlesyndication.com/pagead/managed/js/activeview/current/ufs_web_display.js:260:293

Dynamically enable window occlusion 1
JavaScript error: , line 0: TypeError: NetworkError when attempting to fetch resource.
